<?xml version="1.0" encoding="UTF-8"?>
<!-- Generated by org.testng.reporters.JUnitXMLReporter -->
<testsuite hostname="DESKTOP-5CBRBJ1" name="Default test" tests="6" failures="0" timestamp="5 Jun 2022 16:14:46 GMT" time="7.71" errors="0">
  <testcase name="getUser" time="4.013" classname="com.login_omr.OMRBranch"/>
  <testcase name="createAddress" time="0.811" classname="com.login_omr.OMRBranch"/>
  <testcase name="updateAddress" time="0.703" classname="com.login_omr.OMRBranch"/>
  <testcase name="getAdress" time="0.635" classname="com.login_omr.OMRBranch"/>
  <testcase name="deleteAddress" time="0.594" classname="com.login_omr.OMRBranch"/>
  <testcase name="uploadProfilePic" time="0.875" classname="com.login_omr.OMRBranch"/>
</testsuite> <!-- Default test -->
